<?xml version="1.0" encoding="UTF-8"?>
<!-- Generated by org.testng.reporters.JUnitReportReporter -->
<testsuite hostname="AELPT-0923" failures="0" tests="3" name="opencart.test.ExploreTutorialTest" time="60.994" errors="0" timestamp="2025-07-22T19:41:31 IST" skipped="0">
  <testcase classname="opencart.test.ExploreTutorialTest" name="exploreTut" time="20.207"/>
  <system-out/>
  <testcase classname="opencart.test.ExploreTutorialTest" name="exploreTut" time="16.768"/>
  <system-out/>
  <testcase classname="opencart.test.ExploreTutorialTest" name="exploreTut" time="24.019"/>
  <system-out/>
</testsuite> <!-- opencart.test.ExploreTutorialTest -->
