<?xml version="1.0" encoding="UTF-8"?>
<!-- Generated by org.testng.reporters.JUnitReportReporter -->
<testsuite hostname="AELPT-0923" failures="0" tests="2" name="opencart.test.ExploreTutorialTest" time="47.157" errors="0" timestamp="2025-07-22T22:30:04 IST" skipped="0">
  <testcase classname="opencart.test.ExploreTutorialTest" name="exploreTut" time="25.064"/>
  <system-out/>
  <testcase classname="opencart.test.ExploreTutorialTest" name="exploreTut" time="22.093"/>
  <system-out/>
</testsuite> <!-- opencart.test.ExploreTutorialTest -->
