<?xml version="1.0" encoding="UTF-8"?>
<!-- Generated by org.testng.reporters.JUnitReportReporter -->
<testsuite hostname="AELPT-0923" failures="0" tests="3" name="opencart.test.ProductSearchTest" time="25.380" errors="0" timestamp="2025-07-23T09:40:37 IST" skipped="0">
  <testcase classname="opencart.test.ProductSearchTest" name="searchProduct" time="8.878"/>
  <system-out/>
  <testcase classname="opencart.test.ProductSearchTest" name="searchProduct" time="8.737"/>
  <system-out/>
  <testcase classname="opencart.test.ProductSearchTest" name="searchProduct" time="7.765"/>
  <system-out/>
</testsuite> <!-- opencart.test.ProductSearchTest -->
