<?xml version="1.0" encoding="UTF-8"?>
<!-- Generated by org.testng.reporters.JUnitReportReporter -->
<testsuite hostname="AELPT-0923" failures="0" tests="1" name="opencart.test.SignUpTest" time="37.542" errors="0" timestamp="2025-07-22T12:59:26 IST" skipped="0">
  <testcase classname="opencart.test.SignUpTest" name="signupUser" time="37.542"/>
  <system-out/>
</testsuite> <!-- opencart.test.SignUpTest -->
